Generating SCERPA layout!
Running SCERPA Version 4.0 
 - Politecnico di Torino |  VLSI nanocomputing
 - www.vlsilab.polito.it

 
#############
RELATED WORKS
 
FOR SCERPA
<1> Beretta G., Ardesi Y., Graziano M., and Piccinini G., "Multi-Molecule Field-Coupled Nanocomputing for the Implementation of a Neuron," in IEEE Transactions on Nanotechnology, vol. 21, pp. 52-59, 2022, doi: 10.1109/TNANO.2022.3143720 </1>
<2> Ardesi Y., Turvani G., Graziano M., and Piccinini G., "SCERPA Simulation of Clocked Molecular Field-Coupling Nanocomputing," in {IEEE Transactions on Very Large Scale Integration (VLSI) Systems, vol. 29, no. 3, pp. 558-567, March 2021, doi: 10.1109/TVLSI.2020.3045198 </2>
<3> Ardesi Y., Wang R., Turvani G., Piccinini G., and Graziano M., "SCERPA: A Self-Consistent Algorithm for the Evaluation of the Information Propagation in Molecular Field-Coupled Nanocomputing," in IEEE Transactions on Computer-Aided Design of Integrated Circuits and Systems, vol. 39, no. 10, pp. 2749-2760, Oct. 2020, doi: 10.1109/TCAD.2019.2960360 </3>
<4> Wang R., Chilla M., Palucci A., Graziano M., and Piccinini G., "An effective algorithm for clocked field-coupled nanocomputing paradigm," {2016 IEEE Nanotechnology Materials and Devices Conference (NMDC), 2016, pp. 1-2, doi: 10.1109/NMDC.2016.7777166 </4>

FOR USED MOLECULES
<1> Arima V., et al. "Toward quantum-dot cellular automata units: thiolated-carbazole linked bisferrocenes." Nanoscale 4.3 (2012): 813-823. DOI: 10.1039/C1NR10988J </1>
 
#############
 
Layout grid is: 14 x 24 
Intermolecular distance: 1.00 nm
Vertical intermolecular distance: 2.00 nm
Area occupied by molecules, by considering also drivers: 200.00 nm^2
Chip area occupied by molecules: 672.00 nm^2
Creating molecule data file "Data/Data_Molecule.mat"... [DONE] 
Creating driver geometry file "Data/Data_Driver.mat"... [DONE] 
Creating driver value file "Data/Values_Driver.mat"... [DONE] 
Creating output geometry file "Data/Data_Output.mat"... [DONE] 
Creating clock value file "Data/Fake_Phases.mat"... [DONE] 

SCERPA is ready to start.

Launching SCERPA!
Loading SCERPA
No previous simulation found
Importing Layout...
Importing Libraries...
Loading Complete
Creating distance matrix...
[BETA] Evaluating Power dissipation...
 | POWER REPORT (drivers are not yet considered in the evaluation)
 |  ~ Total run time: 2.4 ps (240 timesteps, dT = 0.01 ps)
 |  ~ Total dissipated energy: 1402.50 eV (0.2244 fJ) 
 |  ~ Total power dissipation: 93500.21 nW, (1/dT=100.0 GHz) 
 |  ~ Total power density on electrodes: 486.98 W/nm, (Electrode area 192.00 nm^2) 
Starting Time evaluation
Evaluating time step 1.00 of 240.00
Disabling Active Region Mode
Refining solution! ActiveRegion and InteractionRadius disabled!
Computation Time: 0.794787 s

 Evaluating time step 2.00 of 240.00
Disabling Active Region Mode
Refining solution! ActiveRegion and InteractionRadius disabled!
Computation Time: 4.388546 s

 Evaluating time step 3.00 of 240.00
Disabling Active Region Mode
Refining solution! ActiveRegion and InteractionRadius disabled!
Computation Time: 7.264028 s

 Evaluating time step 4.00 of 240.00
Disabling Active Region Mode
Refining solution! ActiveRegion and InteractionRadius disabled!
Computation Time: 1.948310 s

 Evaluating time step 5.00 of 240.00
Disabling Active Region Mode
Refining solution! ActiveRegion and InteractionRadius disabled!
Computation Time: 2.713207 s

 Evaluating time step 6.00 of 240.00
Disabling Active Region Mode
Refining solution! ActiveRegion and InteractionRadius disabled!
Computation Time: 1.692809 s

 Evaluating time step 7.00 of 240.00
Disabling Active Region Mode
Refining solution! ActiveRegion and InteractionRadius disabled!
Computation Time: 1.838707 s

 Evaluating time step 8.00 of 240.00
Disabling Active Region Mode
Refining solution! ActiveRegion and InteractionRadius disabled!
Computation Time: 2.779107 s

 Evaluating time step 9.00 of 240.00
Disabling Active Region Mode
Refining solution! ActiveRegion and InteractionRadius disabled!
Computation Time: 1.822316 s

 Evaluating time step 10.00 of 240.00
Disabling Active Region Mode
Refining solution! ActiveRegion and InteractionRadius disabled!
Computation Time: 3.235161 s

 Evaluating time step 11.00 of 240.00
Disabling Active Region Mode
Refining solution! ActiveRegion and InteractionRadius disabled!
Computation Time: 2.195789 s

 Evaluating time step 12.00 of 240.00
Disabling Active Region Mode
Refining solution! ActiveRegion and InteractionRadius disabled!
Computation Time: 2.113857 s

 Evaluating time step 13.00 of 240.00
Disabling Active Region Mode
Refining solution! ActiveRegion and InteractionRadius disabled!
Computation Time: 4.727707 s

 Evaluating time step 14.00 of 240.00
Disabling Active Region Mode
Refining solution! ActiveRegion and InteractionRadius disabled!
Computation Time: 8.182066 s

 Evaluating time step 15.00 of 240.00
Disabling Active Region Mode
Refining solution! ActiveRegion and InteractionRadius disabled!
Computation Time: 2.204930 s

 Evaluating time step 16.00 of 240.00
Disabling Active Region Mode
Refining solution! ActiveRegion and InteractionRadius disabled!
Computation Time: 1.365114 s

 Evaluating time step 17.00 of 240.00
Disabling Active Region Mode
Refining solution! ActiveRegion and InteractionRadius disabled!
Computation Time: 4.796107 s

 Evaluating time step 18.00 of 240.00
Disabling Active Region Mode
Refining solution! ActiveRegion and InteractionRadius disabled!
Computation Time: 2.076844 s

 Evaluating time step 19.00 of 240.00
Disabling Active Region Mode
Refining solution! ActiveRegion and InteractionRadius disabled!
Computation Time: 2.128588 s

 Evaluating time step 20.00 of 240.00
Disabling Active Region Mode
Refining solution! ActiveRegion and InteractionRadius disabled!
Computation Time: 1.803714 s

 Evaluating time step 21.00 of 240.00
Disabling Active Region Mode
Refining solution! ActiveRegion and InteractionRadius disabled!
Computation Time: 1.308375 s

 Evaluating time step 22.00 of 240.00
Disabling Active Region Mode
Refining solution! ActiveRegion and InteractionRadius disabled!
Computation Time: 7.756019 s

 Evaluating time step 23.00 of 240.00
Disabling Active Region Mode
Refining solution! ActiveRegion and InteractionRadius disabled!
Computation Time: 4.556568 s

 Evaluating time step 24.00 of 240.00
Disabling Active Region Mode
Refining solution! ActiveRegion and InteractionRadius disabled!
Computation Time: 3.859601 s

 Evaluating time step 25.00 of 240.00
Disabling Active Region Mode
Refining solution! ActiveRegion and InteractionRadius disabled!
Computation Time: 3.097709 s

 Evaluating time step 26.00 of 240.00
Disabling Active Region Mode
Refining solution! ActiveRegion and InteractionRadius disabled!
Computation Time: 2.140672 s

 Evaluating time step 27.00 of 240.00
Disabling Active Region Mode
Refining solution! ActiveRegion and InteractionRadius disabled!
Computation Time: 2.365743 s

 Evaluating time step 28.00 of 240.00
Disabling Active Region Mode
Refining solution! ActiveRegion and InteractionRadius disabled!
Computation Time: 3.516504 s

 Evaluating time step 29.00 of 240.00
Disabling Active Region Mode
Refining solution! ActiveRegion and InteractionRadius disabled!
Computation Time: 3.024295 s

 Evaluating time step 30.00 of 240.00
Disabling Active Region Mode
Refining solution! ActiveRegion and InteractionRadius disabled!
Computation Time: 3.969085 s

 Evaluating time step 31.00 of 240.00
Disabling Active Region Mode
Refining solution! ActiveRegion and InteractionRadius disabled!
Computation Time: 3.407731 s

 Evaluating time step 32.00 of 240.00
Disabling Active Region Mode
Refining solution! ActiveRegion and InteractionRadius disabled!
Computation Time: 2.081012 s

 Evaluating time step 33.00 of 240.00
Disabling Active Region Mode
Refining solution! ActiveRegion and InteractionRadius disabled!
Computation Time: 4.316684 s

 Evaluating time step 34.00 of 240.00
Disabling Active Region Mode
Refining solution! ActiveRegion and InteractionRadius disabled!
Computation Time: 8.128149 s

 Evaluating time step 35.00 of 240.00
Disabling Active Region Mode
Refining solution! ActiveRegion and InteractionRadius disabled!
Computation Time: 2.174498 s

 Evaluating time step 36.00 of 240.00
Disabling Active Region Mode
Refining solution! ActiveRegion and InteractionRadius disabled!
Computation Time: 1.362423 s

 Evaluating time step 37.00 of 240.00
Disabling Active Region Mode
Refining solution! ActiveRegion and InteractionRadius disabled!
Computation Time: 4.778362 s

 Evaluating time step 38.00 of 240.00
Disabling Active Region Mode
Refining solution! ActiveRegion and InteractionRadius disabled!
Computation Time: 2.052325 s

 Evaluating time step 39.00 of 240.00
Disabling Active Region Mode
Refining solution! ActiveRegion and InteractionRadius disabled!
Computation Time: 2.105712 s

 Evaluating time step 40.00 of 240.00
Disabling Active Region Mode
Refining solution! ActiveRegion and InteractionRadius disabled!
Computation Time: 1.773696 s

 Evaluating time step 41.00 of 240.00
Disabling Active Region Mode
Refining solution! ActiveRegion and InteractionRadius disabled!
Computation Time: 1.296714 s

 Evaluating time step 42.00 of 240.00
Disabling Active Region Mode
Refining solution! ActiveRegion and InteractionRadius disabled!
Computation Time: 7.653287 s

 Evaluating time step 43.00 of 240.00
Disabling Active Region Mode
Refining solution! ActiveRegion and InteractionRadius disabled!
Computation Time: 4.577121 s

 Evaluating time step 44.00 of 240.00
Disabling Active Region Mode
Refining solution! ActiveRegion and InteractionRadius disabled!
Computation Time: 3.816065 s

 Evaluating time step 45.00 of 240.00
Disabling Active Region Mode
Refining solution! ActiveRegion and InteractionRadius disabled!
Computation Time: 3.070301 s

 Evaluating time step 46.00 of 240.00
Disabling Active Region Mode
Refining solution! ActiveRegion and InteractionRadius disabled!
Computation Time: 2.140853 s

 Evaluating time step 47.00 of 240.00
Disabling Active Region Mode
Refining solution! ActiveRegion and InteractionRadius disabled!
Computation Time: 2.353995 s

 Evaluating time step 48.00 of 240.00
Disabling Active Region Mode
Refining solution! ActiveRegion and InteractionRadius disabled!
Computation Time: 3.491765 s

 Evaluating time step 49.00 of 240.00
Disabling Active Region Mode
Refining solution! ActiveRegion and InteractionRadius disabled!
Computation Time: 3.046826 s

 Evaluating time step 50.00 of 240.00
Disabling Active Region Mode
Refining solution! ActiveRegion and InteractionRadius disabled!
Computation Time: 3.969681 s

 Evaluating time step 51.00 of 240.00
Disabling Active Region Mode
Refining solution! ActiveRegion and InteractionRadius disabled!
Computation Time: 3.393109 s

 Evaluating time step 52.00 of 240.00
Disabling Active Region Mode
Refining solution! ActiveRegion and InteractionRadius disabled!
Computation Time: 2.098325 s

 Evaluating time step 53.00 of 240.00
Disabling Active Region Mode
Refining solution! ActiveRegion and InteractionRadius disabled!
Computation Time: 4.361507 s

 Evaluating time step 54.00 of 240.00
Disabling Active Region Mode
Refining solution! ActiveRegion and InteractionRadius disabled!
Computation Time: 8.152582 s

 Evaluating time step 55.00 of 240.00
Disabling Active Region Mode
Refining solution! ActiveRegion and InteractionRadius disabled!
Computation Time: 2.179653 s

 Evaluating time step 56.00 of 240.00
Disabling Active Region Mode
Refining solution! ActiveRegion and InteractionRadius disabled!
Computation Time: 1.380615 s

 Evaluating time step 57.00 of 240.00
Disabling Active Region Mode
Refining solution! ActiveRegion and InteractionRadius disabled!
Computation Time: 4.780953 s

 Evaluating time step 58.00 of 240.00
Disabling Active Region Mode
Refining solution! ActiveRegion and InteractionRadius disabled!
Computation Time: 2.048309 s

 Evaluating time step 59.00 of 240.00
Disabling Active Region Mode
Refining solution! ActiveRegion and InteractionRadius disabled!
Computation Time: 2.093259 s

 Evaluating time step 60.00 of 240.00
Disabling Active Region Mode
Refining solution! ActiveRegion and InteractionRadius disabled!
Computation Time: 1.805673 s

 Evaluating time step 61.00 of 240.00
Disabling Active Region Mode
Refining solution! ActiveRegion and InteractionRadius disabled!
Computation Time: 1.311693 s

 Evaluating time step 62.00 of 240.00
Disabling Active Region Mode
Refining solution! ActiveRegion and InteractionRadius disabled!
Computation Time: 7.649937 s

 Evaluating time step 63.00 of 240.00
Disabling Active Region Mode
Refining solution! ActiveRegion and InteractionRadius disabled!
Computation Time: 4.663865 s

 Evaluating time step 64.00 of 240.00
Disabling Active Region Mode
Refining solution! ActiveRegion and InteractionRadius disabled!
Computation Time: 3.886902 s

 Evaluating time step 65.00 of 240.00
Disabling Active Region Mode
Refining solution! ActiveRegion and InteractionRadius disabled!
Computation Time: 3.108551 s

 Evaluating time step 66.00 of 240.00
Disabling Active Region Mode
Refining solution! ActiveRegion and InteractionRadius disabled!
Computation Time: 2.131334 s

 Evaluating time step 67.00 of 240.00
Disabling Active Region Mode
Refining solution! ActiveRegion and InteractionRadius disabled!
Computation Time: 2.350428 s

 Evaluating time step 68.00 of 240.00
Disabling Active Region Mode
Refining solution! ActiveRegion and InteractionRadius disabled!
Computation Time: 3.525745 s

 Evaluating time step 69.00 of 240.00
Disabling Active Region Mode
Refining solution! ActiveRegion and InteractionRadius disabled!
Computation Time: 3.021429 s

 Evaluating time step 70.00 of 240.00
Disabling Active Region Mode
Refining solution! ActiveRegion and InteractionRadius disabled!
Computation Time: 4.032562 s

 Evaluating time step 71.00 of 240.00
Disabling Active Region Mode
Refining solution! ActiveRegion and InteractionRadius disabled!
Computation Time: 3.494569 s

 Evaluating time step 72.00 of 240.00
Disabling Active Region Mode
Refining solution! ActiveRegion and InteractionRadius disabled!
Computation Time: 2.183246 s

 Evaluating time step 73.00 of 240.00
Disabling Active Region Mode
Refining solution! ActiveRegion and InteractionRadius disabled!
Computation Time: 4.668846 s

 Evaluating time step 74.00 of 240.00
Disabling Active Region Mode
Refining solution! ActiveRegion and InteractionRadius disabled!
Computation Time: 8.172850 s

 Evaluating time step 75.00 of 240.00
Disabling Active Region Mode
Refining solution! ActiveRegion and InteractionRadius disabled!
Computation Time: 2.187303 s

 Evaluating time step 76.00 of 240.00
Disabling Active Region Mode
Refining solution! ActiveRegion and InteractionRadius disabled!
Computation Time: 1.361652 s

 Evaluating time step 77.00 of 240.00
Disabling Active Region Mode
Refining solution! ActiveRegion and InteractionRadius disabled!
Computation Time: 4.796730 s

 Evaluating time step 78.00 of 240.00
Disabling Active Region Mode
Refining solution! ActiveRegion and InteractionRadius disabled!
Computation Time: 2.059625 s

 Evaluating time step 79.00 of 240.00
Disabling Active Region Mode
Refining solution! ActiveRegion and InteractionRadius disabled!
Computation Time: 2.096413 s

 Evaluating time step 80.00 of 240.00
Disabling Active Region Mode
Refining solution! ActiveRegion and InteractionRadius disabled!
Computation Time: 1.779233 s

 Evaluating time step 81.00 of 240.00
Disabling Active Region Mode
Refining solution! ActiveRegion and InteractionRadius disabled!
Computation Time: 1.298060 s

 Evaluating time step 82.00 of 240.00
Disabling Active Region Mode
Refining solution! ActiveRegion and InteractionRadius disabled!
Computation Time: 7.636214 s

 Evaluating time step 83.00 of 240.00
Disabling Active Region Mode
Refining solution! ActiveRegion and InteractionRadius disabled!
Computation Time: 5.499452 s

 Evaluating time step 84.00 of 240.00
Disabling Active Region Mode
Refining solution! ActiveRegion and InteractionRadius disabled!
Computation Time: 3.871547 s

 Evaluating time step 85.00 of 240.00
Disabling Active Region Mode
Refining solution! ActiveRegion and InteractionRadius disabled!
Computation Time: 3.110654 s

 Evaluating time step 86.00 of 240.00
Disabling Active Region Mode
Refining solution! ActiveRegion and InteractionRadius disabled!
Computation Time: 2.160540 s

 Evaluating time step 87.00 of 240.00
Disabling Active Region Mode
Refining solution! ActiveRegion and InteractionRadius disabled!
Computation Time: 2.372019 s

 Evaluating time step 88.00 of 240.00
Disabling Active Region Mode
Refining solution! ActiveRegion and InteractionRadius disabled!
Computation Time: 3.513640 s

 Evaluating time step 89.00 of 240.00
Disabling Active Region Mode
Refining solution! ActiveRegion and InteractionRadius disabled!
Computation Time: 3.022399 s

 Evaluating time step 90.00 of 240.00
Disabling Active Region Mode
Refining solution! ActiveRegion and InteractionRadius disabled!
Computation Time: 4.028825 s

 Evaluating time step 91.00 of 240.00
Disabling Active Region Mode
Refining solution! ActiveRegion and InteractionRadius disabled!
Computation Time: 3.441021 s

 Evaluating time step 92.00 of 240.00
Disabling Active Region Mode
Refining solution! ActiveRegion and InteractionRadius disabled!
Computation Time: 2.251071 s

 Evaluating time step 93.00 of 240.00
Disabling Active Region Mode
Refining solution! ActiveRegion and InteractionRadius disabled!
Computation Time: 6.168516 s

 Evaluating time step 94.00 of 240.00
Disabling Active Region Mode
Refining solution! ActiveRegion and InteractionRadius disabled!
Computation Time: 8.153124 s

 Evaluating time step 95.00 of 240.00
Disabling Active Region Mode
Refining solution! ActiveRegion and InteractionRadius disabled!
Computation Time: 2.187910 s

 Evaluating time step 96.00 of 240.00
Disabling Active Region Mode
Refining solution! ActiveRegion and InteractionRadius disabled!
Computation Time: 1.373694 s

 Evaluating time step 97.00 of 240.00
Disabling Active Region Mode
Refining solution! ActiveRegion and InteractionRadius disabled!
Computation Time: 4.783688 s

 Evaluating time step 98.00 of 240.00
Disabling Active Region Mode
Refining solution! ActiveRegion and InteractionRadius disabled!
Computation Time: 2.040865 s

 Evaluating time step 99.00 of 240.00
Disabling Active Region Mode
Refining solution! ActiveRegion and InteractionRadius disabled!
Computation Time: 2.114737 s

 Evaluating time step 100.00 of 240.00
Disabling Active Region Mode
Refining solution! ActiveRegion and InteractionRadius disabled!
Computation Time: 1.785104 s

 Evaluating time step 101.00 of 240.00
Disabling Active Region Mode
Refining solution! ActiveRegion and InteractionRadius disabled!
Computation Time: 1.293994 s

 Evaluating time step 102.00 of 240.00
Disabling Active Region Mode
Refining solution! ActiveRegion and InteractionRadius disabled!
Computation Time: 7.731053 s

 Evaluating time step 103.00 of 240.00
Disabling Active Region Mode
Refining solution! ActiveRegion and InteractionRadius disabled!
Computation Time: 4.529155 s

 Evaluating time step 104.00 of 240.00
Disabling Active Region Mode
Refining solution! ActiveRegion and InteractionRadius disabled!
Computation Time: 3.860686 s

 Evaluating time step 105.00 of 240.00
Disabling Active Region Mode
Refining solution! ActiveRegion and InteractionRadius disabled!
Computation Time: 2.484130 s

 Evaluating time step 106.00 of 240.00
Disabling Active Region Mode
Refining solution! ActiveRegion and InteractionRadius disabled!
Computation Time: 2.148597 s

 Evaluating time step 107.00 of 240.00
Disabling Active Region Mode
Refining solution! ActiveRegion and InteractionRadius disabled!
Computation Time: 2.358392 s

 Evaluating time step 108.00 of 240.00
Disabling Active Region Mode
Refining solution! ActiveRegion and InteractionRadius disabled!
Computation Time: 3.416193 s

 Evaluating time step 109.00 of 240.00
Disabling Active Region Mode
Refining solution! ActiveRegion and InteractionRadius disabled!
Computation Time: 3.179792 s

 Evaluating time step 110.00 of 240.00
Disabling Active Region Mode
Refining solution! ActiveRegion and InteractionRadius disabled!
Computation Time: 2.285349 s

 Evaluating time step 111.00 of 240.00
Disabling Active Region Mode
Refining solution! ActiveRegion and InteractionRadius disabled!
Computation Time: 1.892986 s

 Evaluating time step 112.00 of 240.00
Disabling Active Region Mode
Refining solution! ActiveRegion and InteractionRadius disabled!
Computation Time: 2.113264 s

 Evaluating time step 113.00 of 240.00
Disabling Active Region Mode
Refining solution! ActiveRegion and InteractionRadius disabled!
Computation Time: 5.026497 s

 Evaluating time step 114.00 of 240.00
Disabling Active Region Mode
Refining solution! ActiveRegion and InteractionRadius disabled!
Computation Time: 6.968813 s

 Evaluating time step 115.00 of 240.00
Disabling Active Region Mode
Refining solution! ActiveRegion and InteractionRadius disabled!
Computation Time: 2.564716 s

 Evaluating time step 116.00 of 240.00
Disabling Active Region Mode
Refining solution! ActiveRegion and InteractionRadius disabled!
Computation Time: 1.426446 s

 Evaluating time step 117.00 of 240.00
Disabling Active Region Mode
Refining solution! ActiveRegion and InteractionRadius disabled!
Computation Time: 1.775060 s

 Evaluating time step 118.00 of 240.00
Disabling Active Region Mode
Refining solution! ActiveRegion and InteractionRadius disabled!
Computation Time: 2.041227 s

 Evaluating time step 119.00 of 240.00
Disabling Active Region Mode
Refining solution! ActiveRegion and InteractionRadius disabled!
Computation Time: 2.286842 s

 Evaluating time step 120.00 of 240.00
Disabling Active Region Mode
Refining solution! ActiveRegion and InteractionRadius disabled!
Computation Time: 2.546990 s

 Evaluating time step 121.00 of 240.00
Disabling Active Region Mode
Refining solution! ActiveRegion and InteractionRadius disabled!
Computation Time: 1.247926 s

 Evaluating time step 122.00 of 240.00
Disabling Active Region Mode
Refining solution! ActiveRegion and InteractionRadius disabled!
Computation Time: 7.265396 s

 Evaluating time step 123.00 of 240.00
Disabling Active Region Mode
Refining solution! ActiveRegion and InteractionRadius disabled!
Computation Time: 6.029124 s

 Evaluating time step 124.00 of 240.00
Disabling Active Region Mode
Refining solution! ActiveRegion and InteractionRadius disabled!
Computation Time: 3.772768 s

 Evaluating time step 125.00 of 240.00
Disabling Active Region Mode
Refining solution! ActiveRegion and InteractionRadius disabled!
Computation Time: 2.541233 s

 Evaluating time step 126.00 of 240.00
Disabling Active Region Mode
Refining solution! ActiveRegion and InteractionRadius disabled!
Computation Time: 2.190384 s

 Evaluating time step 127.00 of 240.00
Disabling Active Region Mode
Refining solution! ActiveRegion and InteractionRadius disabled!
Computation Time: 2.485534 s

 Evaluating time step 128.00 of 240.00
Disabling Active Region Mode
Refining solution! ActiveRegion and InteractionRadius disabled!
Computation Time: 3.813462 s

 Evaluating time step 129.00 of 240.00
Disabling Active Region Mode
Refining solution! ActiveRegion and InteractionRadius disabled!
Computation Time: 2.429415 s

 Evaluating time step 130.00 of 240.00
Disabling Active Region Mode
Refining solution! ActiveRegion and InteractionRadius disabled!
Computation Time: 2.261452 s

 Evaluating time step 131.00 of 240.00
Disabling Active Region Mode
Refining solution! ActiveRegion and InteractionRadius disabled!
Computation Time: 1.863988 s

 Evaluating time step 132.00 of 240.00
Disabling Active Region Mode
Refining solution! ActiveRegion and InteractionRadius disabled!
Computation Time: 2.877084 s

 Evaluating time step 133.00 of 240.00
Disabling Active Region Mode
Refining solution! ActiveRegion and InteractionRadius disabled!
Computation Time: 5.421635 s

 Evaluating time step 134.00 of 240.00
Disabling Active Region Mode
Refining solution! ActiveRegion and InteractionRadius disabled!
Computation Time: 7.923955 s

 Evaluating time step 135.00 of 240.00
Disabling Active Region Mode
Refining solution! ActiveRegion and InteractionRadius disabled!
Computation Time: 2.570026 s

 Evaluating time step 136.00 of 240.00
Disabling Active Region Mode
Refining solution! ActiveRegion and InteractionRadius disabled!
Computation Time: 1.406299 s

 Evaluating time step 137.00 of 240.00
Disabling Active Region Mode
Refining solution! ActiveRegion and InteractionRadius disabled!
Computation Time: 1.759243 s

 Evaluating time step 138.00 of 240.00
Disabling Active Region Mode
Refining solution! ActiveRegion and InteractionRadius disabled!
Computation Time: 2.040233 s

 Evaluating time step 139.00 of 240.00
Disabling Active Region Mode
Refining solution! ActiveRegion and InteractionRadius disabled!
Computation Time: 2.271005 s

 Evaluating time step 140.00 of 240.00
Disabling Active Region Mode
Refining solution! ActiveRegion and InteractionRadius disabled!
Computation Time: 2.559310 s

 Evaluating time step 141.00 of 240.00
Disabling Active Region Mode
Refining solution! ActiveRegion and InteractionRadius disabled!
Computation Time: 1.257789 s

 Evaluating time step 142.00 of 240.00
Disabling Active Region Mode
Refining solution! ActiveRegion and InteractionRadius disabled!
Computation Time: 7.359896 s

 Evaluating time step 143.00 of 240.00
Disabling Active Region Mode
Refining solution! ActiveRegion and InteractionRadius disabled!
Computation Time: 5.967780 s

 Evaluating time step 144.00 of 240.00
Disabling Active Region Mode
Refining solution! ActiveRegion and InteractionRadius disabled!
Computation Time: 3.784871 s

 Evaluating time step 145.00 of 240.00
Disabling Active Region Mode
Refining solution! ActiveRegion and InteractionRadius disabled!
Computation Time: 2.517081 s

 Evaluating time step 146.00 of 240.00
Disabling Active Region Mode
Refining solution! ActiveRegion and InteractionRadius disabled!
Computation Time: 2.171807 s

 Evaluating time step 147.00 of 240.00
Disabling Active Region Mode
Refining solution! ActiveRegion and InteractionRadius disabled!
Computation Time: 2.466774 s

 Evaluating time step 148.00 of 240.00
Disabling Active Region Mode
Refining solution! ActiveRegion and InteractionRadius disabled!
Computation Time: 3.789791 s

 Evaluating time step 149.00 of 240.00
Disabling Active Region Mode
Refining solution! ActiveRegion and InteractionRadius disabled!
Computation Time: 2.403802 s

 Evaluating time step 150.00 of 240.00
Disabling Active Region Mode
Refining solution! ActiveRegion and InteractionRadius disabled!
Computation Time: 2.237023 s

 Evaluating time step 151.00 of 240.00
Disabling Active Region Mode
Refining solution! ActiveRegion and InteractionRadius disabled!
Computation Time: 1.862476 s

 Evaluating time step 152.00 of 240.00
Disabling Active Region Mode
Refining solution! ActiveRegion and InteractionRadius disabled!
Computation Time: 2.871887 s

 Evaluating time step 153.00 of 240.00
Disabling Active Region Mode
Refining solution! ActiveRegion and InteractionRadius disabled!
Computation Time: 5.424164 s

 Evaluating time step 154.00 of 240.00
Disabling Active Region Mode
Refining solution! ActiveRegion and InteractionRadius disabled!
Computation Time: 7.925436 s

 Evaluating time step 155.00 of 240.00
Disabling Active Region Mode
Refining solution! ActiveRegion and InteractionRadius disabled!
Computation Time: 2.564435 s

 Evaluating time step 156.00 of 240.00
Disabling Active Region Mode
Refining solution! ActiveRegion and InteractionRadius disabled!
Computation Time: 1.423806 s

 Evaluating time step 157.00 of 240.00
Disabling Active Region Mode
Refining solution! ActiveRegion and InteractionRadius disabled!
Computation Time: 1.779935 s

 Evaluating time step 158.00 of 240.00
Disabling Active Region Mode
Refining solution! ActiveRegion and InteractionRadius disabled!
Computation Time: 2.056612 s

 Evaluating time step 159.00 of 240.00
Disabling Active Region Mode
Refining solution! ActiveRegion and InteractionRadius disabled!
Computation Time: 2.300215 s

 Evaluating time step 160.00 of 240.00
Disabling Active Region Mode
Refining solution! ActiveRegion and InteractionRadius disabled!
Computation Time: 2.561530 s

 Evaluating time step 161.00 of 240.00
Disabling Active Region Mode
Refining solution! ActiveRegion and InteractionRadius disabled!
Computation Time: 1.241677 s

 Evaluating time step 162.00 of 240.00
Disabling Active Region Mode
Refining solution! ActiveRegion and InteractionRadius disabled!
Computation Time: 7.272533 s

 Evaluating time step 163.00 of 240.00
Disabling Active Region Mode
Refining solution! ActiveRegion and InteractionRadius disabled!
Computation Time: 5.964126 s

 Evaluating time step 164.00 of 240.00
Disabling Active Region Mode
Refining solution! ActiveRegion and InteractionRadius disabled!
Computation Time: 3.822708 s

 Evaluating time step 165.00 of 240.00
Disabling Active Region Mode
Refining solution! ActiveRegion and InteractionRadius disabled!
Computation Time: 2.514026 s

 Evaluating time step 166.00 of 240.00
Disabling Active Region Mode
Refining solution! ActiveRegion and InteractionRadius disabled!
Computation Time: 2.144858 s

 Evaluating time step 167.00 of 240.00
Disabling Active Region Mode
Refining solution! ActiveRegion and InteractionRadius disabled!
Computation Time: 2.511723 s

 Evaluating time step 168.00 of 240.00
Disabling Active Region Mode
Refining solution! ActiveRegion and InteractionRadius disabled!
Computation Time: 3.782188 s

 Evaluating time step 169.00 of 240.00
Disabling Active Region Mode
Refining solution! ActiveRegion and InteractionRadius disabled!
Computation Time: 2.408153 s

 Evaluating time step 170.00 of 240.00
Disabling Active Region Mode
Refining solution! ActiveRegion and InteractionRadius disabled!
Computation Time: 2.240600 s

 Evaluating time step 171.00 of 240.00
Disabling Active Region Mode
Refining solution! ActiveRegion and InteractionRadius disabled!
Computation Time: 1.858638 s

 Evaluating time step 172.00 of 240.00
Disabling Active Region Mode
Refining solution! ActiveRegion and InteractionRadius disabled!
Computation Time: 2.902592 s

 Evaluating time step 173.00 of 240.00
Disabling Active Region Mode
Refining solution! ActiveRegion and InteractionRadius disabled!
Computation Time: 5.386355 s

 Evaluating time step 174.00 of 240.00
Disabling Active Region Mode
Refining solution! ActiveRegion and InteractionRadius disabled!
Computation Time: 7.888411 s

 Evaluating time step 175.00 of 240.00
Disabling Active Region Mode
Refining solution! ActiveRegion and InteractionRadius disabled!
Computation Time: 2.560593 s

 Evaluating time step 176.00 of 240.00
Disabling Active Region Mode
Refining solution! ActiveRegion and InteractionRadius disabled!
Computation Time: 1.407639 s

 Evaluating time step 177.00 of 240.00
Disabling Active Region Mode
Refining solution! ActiveRegion and InteractionRadius disabled!
Computation Time: 1.772387 s

 Evaluating time step 178.00 of 240.00
Disabling Active Region Mode
Refining solution! ActiveRegion and InteractionRadius disabled!
Computation Time: 2.063610 s

 Evaluating time step 179.00 of 240.00
Disabling Active Region Mode
Refining solution! ActiveRegion and InteractionRadius disabled!
Computation Time: 2.268749 s

 Evaluating time step 180.00 of 240.00
Disabling Active Region Mode
Refining solution! ActiveRegion and InteractionRadius disabled!
Computation Time: 2.547593 s

 Evaluating time step 181.00 of 240.00
Disabling Active Region Mode
Refining solution! ActiveRegion and InteractionRadius disabled!
Computation Time: 1.241479 s

 Evaluating time step 182.00 of 240.00
Disabling Active Region Mode
Refining solution! ActiveRegion and InteractionRadius disabled!
Computation Time: 7.363249 s

 Evaluating time step 183.00 of 240.00
Disabling Active Region Mode
Refining solution! ActiveRegion and InteractionRadius disabled!
Computation Time: 6.015187 s

 Evaluating time step 184.00 of 240.00
Disabling Active Region Mode
Refining solution! ActiveRegion and InteractionRadius disabled!
Computation Time: 3.830164 s

 Evaluating time step 185.00 of 240.00
Disabling Active Region Mode
Refining solution! ActiveRegion and InteractionRadius disabled!
Computation Time: 2.555694 s

 Evaluating time step 186.00 of 240.00
Disabling Active Region Mode
Refining solution! ActiveRegion and InteractionRadius disabled!
Computation Time: 2.182330 s

 Evaluating time step 187.00 of 240.00
Disabling Active Region Mode
Refining solution! ActiveRegion and InteractionRadius disabled!
Computation Time: 2.495303 s

 Evaluating time step 188.00 of 240.00
Disabling Active Region Mode
Refining solution! ActiveRegion and InteractionRadius disabled!
Computation Time: 3.817413 s

 Evaluating time step 189.00 of 240.00
Disabling Active Region Mode
Refining solution! ActiveRegion and InteractionRadius disabled!
Computation Time: 2.437793 s

 Evaluating time step 190.00 of 240.00
Disabling Active Region Mode
Refining solution! ActiveRegion and InteractionRadius disabled!
Computation Time: 2.265823 s

 Evaluating time step 191.00 of 240.00
Disabling Active Region Mode
Refining solution! ActiveRegion and InteractionRadius disabled!
Computation Time: 1.847545 s

 Evaluating time step 192.00 of 240.00
Disabling Active Region Mode
Refining solution! ActiveRegion and InteractionRadius disabled!
Computation Time: 2.910348 s

 Evaluating time step 193.00 of 240.00
Disabling Active Region Mode
Refining solution! ActiveRegion and InteractionRadius disabled!
Computation Time: 5.416300 s

 Evaluating time step 194.00 of 240.00
Disabling Active Region Mode
Refining solution! ActiveRegion and InteractionRadius disabled!
Computation Time: 7.929614 s

 Evaluating time step 195.00 of 240.00
Disabling Active Region Mode
Refining solution! ActiveRegion and InteractionRadius disabled!
Computation Time: 2.566394 s

 Evaluating time step 196.00 of 240.00
Disabling Active Region Mode
Refining solution! ActiveRegion and InteractionRadius disabled!
Computation Time: 1.410163 s

 Evaluating time step 197.00 of 240.00
Disabling Active Region Mode
Refining solution! ActiveRegion and InteractionRadius disabled!
Computation Time: 1.773466 s

 Evaluating time step 198.00 of 240.00
Disabling Active Region Mode
Refining solution! ActiveRegion and InteractionRadius disabled!
Computation Time: 2.054866 s

 Evaluating time step 199.00 of 240.00
Disabling Active Region Mode
Refining solution! ActiveRegion and InteractionRadius disabled!
Computation Time: 2.296539 s

 Evaluating time step 200.00 of 240.00
Disabling Active Region Mode
Refining solution! ActiveRegion and InteractionRadius disabled!
Computation Time: 2.569954 s

 Evaluating time step 201.00 of 240.00
Disabling Active Region Mode
Refining solution! ActiveRegion and InteractionRadius disabled!
Computation Time: 1.230536 s

 Evaluating time step 202.00 of 240.00
Disabling Active Region Mode
Refining solution! ActiveRegion and InteractionRadius disabled!
Computation Time: 7.291638 s

 Evaluating time step 203.00 of 240.00
Disabling Active Region Mode
Refining solution! ActiveRegion and InteractionRadius disabled!
Computation Time: 6.035789 s

 Evaluating time step 204.00 of 240.00
Disabling Active Region Mode
Refining solution! ActiveRegion and InteractionRadius disabled!
Computation Time: 3.802229 s

 Evaluating time step 205.00 of 240.00
Disabling Active Region Mode
Refining solution! ActiveRegion and InteractionRadius disabled!
Computation Time: 2.543770 s

 Evaluating time step 206.00 of 240.00
Disabling Active Region Mode
Refining solution! ActiveRegion and InteractionRadius disabled!
Computation Time: 2.171956 s

 Evaluating time step 207.00 of 240.00
Disabling Active Region Mode
Refining solution! ActiveRegion and InteractionRadius disabled!
Computation Time: 2.482442 s

 Evaluating time step 208.00 of 240.00
Disabling Active Region Mode
Refining solution! ActiveRegion and InteractionRadius disabled!
Computation Time: 3.824663 s

 Evaluating time step 209.00 of 240.00
Disabling Active Region Mode
Refining solution! ActiveRegion and InteractionRadius disabled!
Computation Time: 2.435345 s

 Evaluating time step 210.00 of 240.00
Disabling Active Region Mode
Refining solution! ActiveRegion and InteractionRadius disabled!
Computation Time: 2.263593 s

 Evaluating time step 211.00 of 240.00
Disabling Active Region Mode
Refining solution! ActiveRegion and InteractionRadius disabled!
Computation Time: 1.878804 s

 Evaluating time step 212.00 of 240.00
Disabling Active Region Mode
Refining solution! ActiveRegion and InteractionRadius disabled!
Computation Time: 2.893857 s

 Evaluating time step 213.00 of 240.00
Disabling Active Region Mode
Refining solution! ActiveRegion and InteractionRadius disabled!
Computation Time: 5.422340 s

 Evaluating time step 214.00 of 240.00
Disabling Active Region Mode
Refining solution! ActiveRegion and InteractionRadius disabled!
Computation Time: 7.934812 s

 Evaluating time step 215.00 of 240.00
Disabling Active Region Mode
Refining solution! ActiveRegion and InteractionRadius disabled!
Computation Time: 2.565404 s

 Evaluating time step 216.00 of 240.00
Disabling Active Region Mode
Refining solution! ActiveRegion and InteractionRadius disabled!
Computation Time: 1.405032 s

 Evaluating time step 217.00 of 240.00
Disabling Active Region Mode
Refining solution! ActiveRegion and InteractionRadius disabled!
Computation Time: 1.767045 s

 Evaluating time step 218.00 of 240.00
Disabling Active Region Mode
Refining solution! ActiveRegion and InteractionRadius disabled!
Computation Time: 2.076633 s

 Evaluating time step 219.00 of 240.00
Disabling Active Region Mode
Refining solution! ActiveRegion and InteractionRadius disabled!
Computation Time: 2.286926 s

 Evaluating time step 220.00 of 240.00
Disabling Active Region Mode
Refining solution! ActiveRegion and InteractionRadius disabled!
Computation Time: 2.561443 s

 Evaluating time step 221.00 of 240.00
Disabling Active Region Mode
Refining solution! ActiveRegion and InteractionRadius disabled!
Computation Time: 1.226237 s

 Evaluating time step 222.00 of 240.00
Disabling Active Region Mode
Refining solution! ActiveRegion and InteractionRadius disabled!
Computation Time: 1.421280 s

 Evaluating time step 223.00 of 240.00
Disabling Active Region Mode
Refining solution! ActiveRegion and InteractionRadius disabled!
Computation Time: 1.431177 s

 Evaluating time step 224.00 of 240.00
Disabling Active Region Mode
Refining solution! ActiveRegion and InteractionRadius disabled!
Computation Time: 2.348895 s

 Evaluating time step 225.00 of 240.00
Disabling Active Region Mode
Refining solution! ActiveRegion and InteractionRadius disabled!
Computation Time: 5.182405 s

 Evaluating time step 226.00 of 240.00
Disabling Active Region Mode
Refining solution! ActiveRegion and InteractionRadius disabled!
Computation Time: 4.641534 s

 Evaluating time step 227.00 of 240.00
Disabling Active Region Mode
Refining solution! ActiveRegion and InteractionRadius disabled!
Computation Time: 2.947704 s

 Evaluating time step 228.00 of 240.00
Disabling Active Region Mode
Refining solution! ActiveRegion and InteractionRadius disabled!
Computation Time: 2.167782 s

 Evaluating time step 229.00 of 240.00
Disabling Active Region Mode
Refining solution! ActiveRegion and InteractionRadius disabled!
Computation Time: 1.593755 s

 Evaluating time step 230.00 of 240.00
Disabling Active Region Mode
Refining solution! ActiveRegion and InteractionRadius disabled!
Computation Time: 0.716696 s

 Evaluating time step 231.00 of 240.00
Disabling Active Region Mode
Refining solution! ActiveRegion and InteractionRadius disabled!
Computation Time: 0.585523 s

 Evaluating time step 232.00 of 240.00
Disabling Active Region Mode
Refining solution! ActiveRegion and InteractionRadius disabled!
Computation Time: 0.603145 s

 Evaluating time step 233.00 of 240.00
Disabling Active Region Mode
Refining solution! ActiveRegion and InteractionRadius disabled!
Computation Time: 0.585904 s

 Evaluating time step 234.00 of 240.00
Disabling Active Region Mode
Refining solution! ActiveRegion and InteractionRadius disabled!
Computation Time: 0.585591 s

 Evaluating time step 235.00 of 240.00
Disabling Active Region Mode
Refining solution! ActiveRegion and InteractionRadius disabled!
Computation Time: 0.591713 s

 Evaluating time step 236.00 of 240.00
Disabling Active Region Mode
Refining solution! ActiveRegion and InteractionRadius disabled!
Computation Time: 0.585537 s

 Evaluating time step 237.00 of 240.00
Disabling Active Region Mode
Refining solution! ActiveRegion and InteractionRadius disabled!
Computation Time: 0.585961 s

 Evaluating time step 238.00 of 240.00
Disabling Active Region Mode
Refining solution! ActiveRegion and InteractionRadius disabled!
Computation Time: 0.591953 s

 Evaluating time step 239.00 of 240.00
Disabling Active Region Mode
Refining solution! ActiveRegion and InteractionRadius disabled!
Computation Time: 0.584659 s

 Evaluating time step 240.00 of 240.00
Disabling Active Region Mode
Refining solution! ActiveRegion and InteractionRadius disabled!
Computation Time: 0.587025 s

 Total computation Time: 750.217723 s

  
%%%%%%%%%%%%%%%%%%%%%%%%%%%%%%%%%%%%%%%%%%%%%%%%%
%  Brave Yourself... The Operation is Completed %
%                  SCERPA                       %
%%%%%%%%%%%%%%%%%%%%%%%%%%%%%%%%%%%%%%%%%%%%%%%%%
 
Plotting Results!
No previous simulation found
Loading simulation table
[Warning: Column headers from the file were modified to make them valid MATLAB identifiers before creating variable names for the table. The original column headers are saved in
the VariableDescriptions property.
Set 'VariableNamingRule' to 'preserve' to use the original column headers as table variable names.] 


Enter the list of drivers you want to plot separated by a space. EXAMPLE: 0001a 0018b 0002a
If you want to select all the codes, write 'all'. 
If you want to select none of the codes, write 'none' or press enter. 

Insert codes and press enter: all


Enter the list of molecules you want to plot separated by a space. EXAMPLE: 0001a 0018b 0002a
If you want to select all the codes, write 'all'. 
If you want to select none of the codes, write 'none' or press enter. 

Insert codes and press enter: 


Enter the list of output pin you want to plot separated by a space. EXAMPLE: 0001a 0018b 0002b
If you want to select all the codes, write 'all'. 
If you want to select none of the codes, write 'none' or press enter. 

Insert codes and press enter: all
Plotting clocks waveform
Plotting inputs waveform
Plotting outputs waveform
Waveform plotted
Plotting 0001.qss [1/48]... DONE. 
Plotting 0006.qss [2/48]... DONE. 
Plotting 0011.qss [3/48]... DONE. 
Plotting 0016.qss [4/48]... DONE. 
Plotting 0021.qss [5/48]... DONE. 
Plotting 0026.qss [6/48]... DONE. 
Plotting 0031.qss [7/48]... DONE. 
Plotting 0036.qss [8/48]... DONE. 
Plotting 0041.qss [9/48]... DONE. 
Plotting 0046.qss [10/48]... DONE. 
Plotting 0051.qss [11/48]... DONE. 
Plotting 0056.qss [12/48]... DONE. 
Plotting 0061.qss [13/48]... DONE. 
Plotting 0066.qss [14/48]... DONE. 
Plotting 0071.qss [15/48]... DONE. 
Plotting 0076.qss [16/48]... DONE. 
Plotting 0081.qss [17/48]... DONE. 
Plotting 0086.qss [18/48]... DONE. 
Plotting 0091.qss [19/48]... DONE. 
Plotting 0096.qss [20/48]... DONE. 
Plotting 0101.qss [21/48]... DONE. 
Plotting 0106.qss [22/48]... DONE. 
Plotting 0111.qss [23/48]... DONE. 
Plotting 0116.qss [24/48]... DONE. 
Plotting 0121.qss [25/48]... DONE. 
Plotting 0126.qss [26/48]... DONE. 
Plotting 0131.qss [27/48]... DONE. 
Plotting 0136.qss [28/48]... DONE. 
Plotting 0141.qss [29/48]... DONE. 
Plotting 0146.qss [30/48]... DONE. 
Plotting 0151.qss [31/48]... DONE. 
Plotting 0156.qss [32/48]... DONE. 
Plotting 0161.qss [33/48]... DONE. 
Plotting 0166.qss [34/48]... DONE. 
Plotting 0171.qss [35/48]... DONE. 
Plotting 0176.qss [36/48]... DONE. 
Plotting 0181.qss [37/48]... DONE. 
Plotting 0186.qss [38/48]... DONE. 
Plotting 0191.qss [39/48]... DONE. 
Plotting 0196.qss [40/48]... DONE. 
Plotting 0201.qss [41/48]... DONE. 
Plotting 0206.qss [42/48]... DONE. 
Plotting 0211.qss [43/48]... DONE. 
Plotting 0216.qss [44/48]... DONE. 
Plotting 0221.qss [45/48]... DONE. 
Plotting 0226.qss [46/48]... DONE. 
Plotting 0231.qss [47/48]... DONE. 
Plotting 0236.qss [48/48]... DONE. 
