Generating SCERPA layout!
Running SCERPA Version 4.0 
 - Politecnico di Torino |  VLSI nanocomputing
 - www.vlsilab.polito.it

 
#############
RELATED WORKS
 
FOR SCERPA
<1> Beretta G., Ardesi Y., Graziano M., and Piccinini G., "Multi-Molecule Field-Coupled Nanocomputing for the Implementation of a Neuron," in IEEE Transactions on Nanotechnology, vol. 21, pp. 52-59, 2022, doi: 10.1109/TNANO.2022.3143720 </1>
<2> Ardesi Y., Turvani G., Graziano M., and Piccinini G., "SCERPA Simulation of Clocked Molecular Field-Coupling Nanocomputing," in {IEEE Transactions on Very Large Scale Integration (VLSI) Systems, vol. 29, no. 3, pp. 558-567, March 2021, doi: 10.1109/TVLSI.2020.3045198 </2>
<3> Ardesi Y., Wang R., Turvani G., Piccinini G., and Graziano M., "SCERPA: A Self-Consistent Algorithm for the Evaluation of the Information Propagation in Molecular Field-Coupled Nanocomputing," in IEEE Transactions on Computer-Aided Design of Integrated Circuits and Systems, vol. 39, no. 10, pp. 2749-2760, Oct. 2020, doi: 10.1109/TCAD.2019.2960360 </3>
<4> Wang R., Chilla M., Palucci A., Graziano M., and Piccinini G., "An effective algorithm for clocked field-coupled nanocomputing paradigm," {2016 IEEE Nanotechnology Materials and Devices Conference (NMDC), 2016, pp. 1-2, doi: 10.1109/NMDC.2016.7777166 </4>

FOR USED MOLECULES
<1> Arima V., et al. "Toward quantum-dot cellular automata units: thiolated-carbazole linked bisferrocenes." Nanoscale 4.3 (2012): 813-823. DOI: 10.1039/C1NR10988J </1>
 
#############
 
Layout grid is: 22 x 58 
Intermolecular distance: 1.00 nm
Vertical intermolecular distance: 2.00 nm
Area occupied by molecules, by considering also drivers: 920.00 nm^2
Chip area occupied by molecules: 2552.00 nm^2
Creating molecule data file "Data/Data_Molecule.mat"... [DONE] 
Creating driver geometry file "Data/Data_Driver.mat"... [DONE] 
Creating driver value file "Data/Values_Driver.mat"... [DONE] 
Creating output geometry file "Data/Data_Output.mat"... [DONE] 
Creating clock value file "Data/Fake_Phases.mat"... [DONE] 

SCERPA is ready to start.

Launching SCERPA!
Loading SCERPA
No previous simulation found
Importing Layout...
Importing Libraries...
Loading Complete
Creating distance matrix...
[BETA] Evaluating Power dissipation...
 | POWER REPORT (drivers are not yet considered in the evaluation)
 |  ~ Total run time: 1.6 ps (160 timesteps, dT = 0.01 ps)
 |  ~ Total dissipated energy: 4016.26 eV (0.6426 fJ) 
 |  ~ Total power dissipation: 401625.92 nW, (1/dT=100.0 GHz) 
 |  ~ Total power density on electrodes: 464.84 W/nm, (Electrode area 864.00 nm^2) 
Starting Time evaluation
Evaluating time step 1.00 of 160.00
Disabling Active Region Mode
Refining solution! ActiveRegion and InteractionRadius disabled!
Computation Time: 11.606632 s

 Evaluating time step 2.00 of 160.00
Disabling Active Region Mode
Refining solution! ActiveRegion and InteractionRadius disabled!
Computation Time: 26.717243 s

 Evaluating time step 3.00 of 160.00
Disabling Active Region Mode
Refining solution! ActiveRegion and InteractionRadius disabled!
Computation Time: 115.371833 s

 Evaluating time step 4.00 of 160.00
Disabling Active Region Mode
Refining solution! ActiveRegion and InteractionRadius disabled!
Computation Time: 59.031783 s

 Evaluating time step 5.00 of 160.00
Disabling Active Region Mode
Refining solution! ActiveRegion and InteractionRadius disabled!
Computation Time: 68.910202 s

 Evaluating time step 6.00 of 160.00
Disabling Active Region Mode
Refining solution! ActiveRegion and InteractionRadius disabled!
Computation Time: 65.710659 s

 Evaluating time step 7.00 of 160.00
Disabling Active Region Mode
Refining solution! ActiveRegion and InteractionRadius disabled!
Computation Time: 54.385227 s

 Evaluating time step 8.00 of 160.00
Disabling Active Region Mode
Refining solution! ActiveRegion and InteractionRadius disabled!
Computation Time: 124.954144 s

 Evaluating time step 9.00 of 160.00
Disabling Active Region Mode
Refining solution! ActiveRegion and InteractionRadius disabled!
Computation Time: 82.079430 s

 Evaluating time step 10.00 of 160.00
Disabling Active Region Mode
Refining solution! ActiveRegion and InteractionRadius disabled!
Computation Time: 71.888540 s

 Evaluating time step 11.00 of 160.00
Disabling Active Region Mode
Refining solution! ActiveRegion and InteractionRadius disabled!
Computation Time: 69.681257 s

 Evaluating time step 12.00 of 160.00
Disabling Active Region Mode
Refining solution! ActiveRegion and InteractionRadius disabled!
Computation Time: 59.174854 s

 Evaluating time step 13.00 of 160.00
Disabling Active Region Mode
Refining solution! ActiveRegion and InteractionRadius disabled!
Computation Time: 67.508880 s

 Evaluating time step 14.00 of 160.00
Disabling Active Region Mode
Refining solution! ActiveRegion and InteractionRadius disabled!
Computation Time: 52.309669 s

 Evaluating time step 15.00 of 160.00
Disabling Active Region Mode
Refining solution! ActiveRegion and InteractionRadius disabled!
Computation Time: 77.763018 s

 Evaluating time step 16.00 of 160.00
Disabling Active Region Mode
Refining solution! ActiveRegion and InteractionRadius disabled!
Computation Time: 72.905075 s

 Evaluating time step 17.00 of 160.00
Disabling Active Region Mode
Refining solution! ActiveRegion and InteractionRadius disabled!
Computation Time: 66.037355 s

 Evaluating time step 18.00 of 160.00
Disabling Active Region Mode
Refining solution! ActiveRegion and InteractionRadius disabled!
Computation Time: 225.326011 s

 Evaluating time step 19.00 of 160.00
Disabling Active Region Mode
Refining solution! ActiveRegion and InteractionRadius disabled!
Computation Time: 83.496502 s

 Evaluating time step 20.00 of 160.00
Disabling Active Region Mode
Refining solution! ActiveRegion and InteractionRadius disabled!
Computation Time: 61.624712 s

 Evaluating time step 21.00 of 160.00
Disabling Active Region Mode
Refining solution! ActiveRegion and InteractionRadius disabled!
Computation Time: 57.777894 s

 Evaluating time step 22.00 of 160.00
Disabling Active Region Mode
Refining solution! ActiveRegion and InteractionRadius disabled!
Computation Time: 50.843424 s

 Evaluating time step 23.00 of 160.00
Disabling Active Region Mode
Refining solution! ActiveRegion and InteractionRadius disabled!
Computation Time: 73.330752 s

 Evaluating time step 24.00 of 160.00
Disabling Active Region Mode
Refining solution! ActiveRegion and InteractionRadius disabled!
Computation Time: 76.221534 s

 Evaluating time step 25.00 of 160.00
Disabling Active Region Mode
Refining solution! ActiveRegion and InteractionRadius disabled!
Computation Time: 73.417239 s

 Evaluating time step 26.00 of 160.00
Disabling Active Region Mode
Refining solution! ActiveRegion and InteractionRadius disabled!
Computation Time: 70.492212 s

 Evaluating time step 27.00 of 160.00
Disabling Active Region Mode
Refining solution! ActiveRegion and InteractionRadius disabled!
Computation Time: 149.507888 s

 Evaluating time step 28.00 of 160.00
Disabling Active Region Mode
Refining solution! ActiveRegion and InteractionRadius disabled!
Computation Time: 168.522542 s

 Evaluating time step 29.00 of 160.00
Disabling Active Region Mode
Refining solution! ActiveRegion and InteractionRadius disabled!
Computation Time: 319.469732 s

 Evaluating time step 30.00 of 160.00
Disabling Active Region Mode
Refining solution! ActiveRegion and InteractionRadius disabled!
Computation Time: 338.219961 s

 Evaluating time step 31.00 of 160.00
Disabling Active Region Mode
Refining solution! ActiveRegion and InteractionRadius disabled!
Computation Time: 332.230642 s

 Evaluating time step 32.00 of 160.00
Disabling Active Region Mode
Refining solution! ActiveRegion and InteractionRadius disabled!
Computation Time: 81.697848 s

 Evaluating time step 33.00 of 160.00
Disabling Active Region Mode
Refining solution! ActiveRegion and InteractionRadius disabled!
Computation Time: 122.849649 s

 Evaluating time step 34.00 of 160.00
Disabling Active Region Mode
Refining solution! ActiveRegion and InteractionRadius disabled!
Computation Time: 42.192018 s

 Evaluating time step 35.00 of 160.00
Disabling Active Region Mode
Refining solution! ActiveRegion and InteractionRadius disabled!
Computation Time: 68.713606 s

 Evaluating time step 36.00 of 160.00
Disabling Active Region Mode
Refining solution! ActiveRegion and InteractionRadius disabled!
Computation Time: 66.139591 s

 Evaluating time step 37.00 of 160.00
Disabling Active Region Mode
Refining solution! ActiveRegion and InteractionRadius disabled!
Computation Time: 61.963797 s

 Evaluating time step 38.00 of 160.00
Disabling Active Region Mode
Refining solution! ActiveRegion and InteractionRadius disabled!
Computation Time: 186.471624 s

 Evaluating time step 39.00 of 160.00
Disabling Active Region Mode
Refining solution! ActiveRegion and InteractionRadius disabled!
Computation Time: 96.430873 s

 Evaluating time step 40.00 of 160.00
Disabling Active Region Mode
Refining solution! ActiveRegion and InteractionRadius disabled!
Computation Time: 71.428856 s

 Evaluating time step 41.00 of 160.00
Disabling Active Region Mode
Refining solution! ActiveRegion and InteractionRadius disabled!
Computation Time: 69.997555 s

 Evaluating time step 42.00 of 160.00
Disabling Active Region Mode
Refining solution! ActiveRegion and InteractionRadius disabled!
Computation Time: 51.790383 s

 Evaluating time step 43.00 of 160.00
Disabling Active Region Mode
Refining solution! ActiveRegion and InteractionRadius disabled!
Computation Time: 111.191051 s

 Evaluating time step 44.00 of 160.00
Disabling Active Region Mode
Refining solution! ActiveRegion and InteractionRadius disabled!
Computation Time: 65.560431 s

 Evaluating time step 45.00 of 160.00
Disabling Active Region Mode
Refining solution! ActiveRegion and InteractionRadius disabled!
Computation Time: 72.882017 s

 Evaluating time step 46.00 of 160.00
Disabling Active Region Mode
Refining solution! ActiveRegion and InteractionRadius disabled!
Computation Time: 70.083546 s

 Evaluating time step 47.00 of 160.00
Disabling Active Region Mode
Refining solution! ActiveRegion and InteractionRadius disabled!
Computation Time: 135.986607 s

 Evaluating time step 48.00 of 160.00
Disabling Active Region Mode
Refining solution! ActiveRegion and InteractionRadius disabled!
Computation Time: 115.082134 s

 Evaluating time step 49.00 of 160.00
Disabling Active Region Mode
Refining solution! ActiveRegion and InteractionRadius disabled!
Computation Time: 303.047349 s

 Evaluating time step 50.00 of 160.00
Disabling Active Region Mode
Refining solution! ActiveRegion and InteractionRadius disabled!
Computation Time: 326.610482 s

 Evaluating time step 51.00 of 160.00
Disabling Active Region Mode
Refining solution! ActiveRegion and InteractionRadius disabled!
Computation Time: 314.539314 s

 Evaluating time step 52.00 of 160.00
Disabling Active Region Mode
Refining solution! ActiveRegion and InteractionRadius disabled!
Computation Time: 101.698961 s

 Evaluating time step 53.00 of 160.00
Disabling Active Region Mode
Refining solution! ActiveRegion and InteractionRadius disabled!
Computation Time: 71.837983 s

 Evaluating time step 54.00 of 160.00
Disabling Active Region Mode
Refining solution! ActiveRegion and InteractionRadius disabled!
Computation Time: 92.763909 s

 Evaluating time step 55.00 of 160.00
Disabling Active Region Mode
Refining solution! ActiveRegion and InteractionRadius disabled!
Computation Time: 79.879021 s

 Evaluating time step 56.00 of 160.00
Disabling Active Region Mode
Refining solution! ActiveRegion and InteractionRadius disabled!
Computation Time: 76.708065 s

 Evaluating time step 57.00 of 160.00
Disabling Active Region Mode
Refining solution! ActiveRegion and InteractionRadius disabled!
Computation Time: 64.796611 s

 Evaluating time step 58.00 of 160.00
Disabling Active Region Mode
Refining solution! ActiveRegion and InteractionRadius disabled!
Computation Time: 185.489269 s

 Evaluating time step 59.00 of 160.00
Disabling Active Region Mode
Refining solution! ActiveRegion and InteractionRadius disabled!
Computation Time: 48.240851 s

 Evaluating time step 60.00 of 160.00
Disabling Active Region Mode
Refining solution! ActiveRegion and InteractionRadius disabled!
Computation Time: 68.321567 s

 Evaluating time step 61.00 of 160.00
Disabling Active Region Mode
Refining solution! ActiveRegion and InteractionRadius disabled!
Computation Time: 64.912379 s

 Evaluating time step 62.00 of 160.00
Disabling Active Region Mode
Refining solution! ActiveRegion and InteractionRadius disabled!
Computation Time: 73.852024 s

 Evaluating time step 63.00 of 160.00
Disabling Active Region Mode
Refining solution! ActiveRegion and InteractionRadius disabled!
Computation Time: 65.356617 s

 Evaluating time step 64.00 of 160.00
Disabling Active Region Mode
Refining solution! ActiveRegion and InteractionRadius disabled!
Computation Time: 139.108004 s

 Evaluating time step 65.00 of 160.00
Disabling Active Region Mode
Refining solution! ActiveRegion and InteractionRadius disabled!
Computation Time: 77.150458 s

 Evaluating time step 66.00 of 160.00
Disabling Active Region Mode
Refining solution! ActiveRegion and InteractionRadius disabled!
Computation Time: 75.037501 s

 Evaluating time step 67.00 of 160.00
Disabling Active Region Mode
Refining solution! ActiveRegion and InteractionRadius disabled!
Computation Time: 85.307272 s

 Evaluating time step 68.00 of 160.00
Disabling Active Region Mode
Refining solution! ActiveRegion and InteractionRadius disabled!
Computation Time: 95.300659 s

 Evaluating time step 69.00 of 160.00
Disabling Active Region Mode
Refining solution! ActiveRegion and InteractionRadius disabled!
Computation Time: 120.750823 s

 Evaluating time step 70.00 of 160.00
Disabling Active Region Mode
Refining solution! ActiveRegion and InteractionRadius disabled!
Computation Time: 104.408839 s

 Evaluating time step 71.00 of 160.00
Disabling Active Region Mode
Refining solution! ActiveRegion and InteractionRadius disabled!
Computation Time: 100.260453 s

 Evaluating time step 72.00 of 160.00
Disabling Active Region Mode
Refining solution! ActiveRegion and InteractionRadius disabled!
Computation Time: 57.129772 s

 Evaluating time step 73.00 of 160.00
Disabling Active Region Mode
Refining solution! ActiveRegion and InteractionRadius disabled!
Computation Time: 114.376013 s

 Evaluating time step 74.00 of 160.00
Disabling Active Region Mode
Refining solution! ActiveRegion and InteractionRadius disabled!
Computation Time: 100.717031 s

 Evaluating time step 75.00 of 160.00
Disabling Active Region Mode
Refining solution! ActiveRegion and InteractionRadius disabled!
Computation Time: 80.529651 s

 Evaluating time step 76.00 of 160.00
Disabling Active Region Mode
Refining solution! ActiveRegion and InteractionRadius disabled!
Computation Time: 74.543391 s

 Evaluating time step 77.00 of 160.00
Disabling Active Region Mode
Refining solution! ActiveRegion and InteractionRadius disabled!
Computation Time: 49.014636 s

 Evaluating time step 78.00 of 160.00
Disabling Active Region Mode
Refining solution! ActiveRegion and InteractionRadius disabled!
Computation Time: 170.877294 s

 Evaluating time step 79.00 of 160.00
Disabling Active Region Mode
Refining solution! ActiveRegion and InteractionRadius disabled!
Computation Time: 91.328012 s

 Evaluating time step 80.00 of 160.00
Disabling Active Region Mode
Refining solution! ActiveRegion and InteractionRadius disabled!
Computation Time: 72.415720 s

 Evaluating time step 81.00 of 160.00
Disabling Active Region Mode
Refining solution! ActiveRegion and InteractionRadius disabled!
Computation Time: 69.319676 s

 Evaluating time step 82.00 of 160.00
Disabling Active Region Mode
Refining solution! ActiveRegion and InteractionRadius disabled!
Computation Time: 43.867086 s

 Evaluating time step 83.00 of 160.00
Disabling Active Region Mode
Refining solution! ActiveRegion and InteractionRadius disabled!
Computation Time: 64.475967 s

 Evaluating time step 84.00 of 160.00
Disabling Active Region Mode
Refining solution! ActiveRegion and InteractionRadius disabled!
Computation Time: 86.147369 s

 Evaluating time step 85.00 of 160.00
Disabling Active Region Mode
Refining solution! ActiveRegion and InteractionRadius disabled!
Computation Time: 94.259290 s

 Evaluating time step 86.00 of 160.00
Disabling Active Region Mode
Refining solution! ActiveRegion and InteractionRadius disabled!
Computation Time: 90.578551 s

 Evaluating time step 87.00 of 160.00
Disabling Active Region Mode
Refining solution! ActiveRegion and InteractionRadius disabled!
Computation Time: 141.694041 s

 Evaluating time step 88.00 of 160.00
Disabling Active Region Mode
Refining solution! ActiveRegion and InteractionRadius disabled!
Computation Time: 122.495454 s

 Evaluating time step 89.00 of 160.00
Disabling Active Region Mode
Refining solution! ActiveRegion and InteractionRadius disabled!
Computation Time: 70.711129 s

 Evaluating time step 90.00 of 160.00
Disabling Active Region Mode
Refining solution! ActiveRegion and InteractionRadius disabled!
Computation Time: 47.384710 s

 Evaluating time step 91.00 of 160.00
Disabling Active Region Mode
Refining solution! ActiveRegion and InteractionRadius disabled!
Computation Time: 42.141240 s

 Evaluating time step 92.00 of 160.00
Disabling Active Region Mode
Refining solution! ActiveRegion and InteractionRadius disabled!
Computation Time: 56.321448 s

 Evaluating time step 93.00 of 160.00
Disabling Active Region Mode
Refining solution! ActiveRegion and InteractionRadius disabled!
Computation Time: 118.764120 s

 Evaluating time step 94.00 of 160.00
Disabling Active Region Mode
Refining solution! ActiveRegion and InteractionRadius disabled!
Computation Time: 92.897094 s

 Evaluating time step 95.00 of 160.00
Disabling Active Region Mode
Refining solution! ActiveRegion and InteractionRadius disabled!
Computation Time: 79.418379 s

 Evaluating time step 96.00 of 160.00
Disabling Active Region Mode
Refining solution! ActiveRegion and InteractionRadius disabled!
Computation Time: 74.292335 s

 Evaluating time step 97.00 of 160.00
Disabling Active Region Mode
Refining solution! ActiveRegion and InteractionRadius disabled!
Computation Time: 49.170395 s

 Evaluating time step 98.00 of 160.00
Disabling Active Region Mode
Refining solution! ActiveRegion and InteractionRadius disabled!
Computation Time: 167.292836 s

 Evaluating time step 99.00 of 160.00
Disabling Active Region Mode
Refining solution! ActiveRegion and InteractionRadius disabled!
Computation Time: 52.063190 s

 Evaluating time step 100.00 of 160.00
Disabling Active Region Mode
Refining solution! ActiveRegion and InteractionRadius disabled!
Computation Time: 71.633616 s

 Evaluating time step 101.00 of 160.00
Disabling Active Region Mode
Refining solution! ActiveRegion and InteractionRadius disabled!
Computation Time: 68.627836 s

 Evaluating time step 102.00 of 160.00
Disabling Active Region Mode
Refining solution! ActiveRegion and InteractionRadius disabled!
Computation Time: 44.262265 s

 Evaluating time step 103.00 of 160.00
Disabling Active Region Mode
Refining solution! ActiveRegion and InteractionRadius disabled!
Computation Time: 62.751483 s

 Evaluating time step 104.00 of 160.00
Disabling Active Region Mode
Refining solution! ActiveRegion and InteractionRadius disabled!
Computation Time: 85.276144 s

 Evaluating time step 105.00 of 160.00
Disabling Active Region Mode
Refining solution! ActiveRegion and InteractionRadius disabled!
Computation Time: 66.037602 s

 Evaluating time step 106.00 of 160.00
Disabling Active Region Mode
Refining solution! ActiveRegion and InteractionRadius disabled!
Computation Time: 62.374055 s

 Evaluating time step 107.00 of 160.00
Disabling Active Region Mode
Refining solution! ActiveRegion and InteractionRadius disabled!
Computation Time: 146.851196 s

 Evaluating time step 108.00 of 160.00
Disabling Active Region Mode
Refining solution! ActiveRegion and InteractionRadius disabled!
Computation Time: 127.184372 s

 Evaluating time step 109.00 of 160.00
Disabling Active Region Mode
Refining solution! ActiveRegion and InteractionRadius disabled!
Computation Time: 323.030882 s

 Evaluating time step 110.00 of 160.00
Disabling Active Region Mode
Refining solution! ActiveRegion and InteractionRadius disabled!
Computation Time: 337.636126 s

 Evaluating time step 111.00 of 160.00
Disabling Active Region Mode
Refining solution! ActiveRegion and InteractionRadius disabled!
Computation Time: 332.548073 s

 Evaluating time step 112.00 of 160.00
Disabling Active Region Mode
Refining solution! ActiveRegion and InteractionRadius disabled!
Computation Time: 79.636431 s

 Evaluating time step 113.00 of 160.00
Disabling Active Region Mode
Refining solution! ActiveRegion and InteractionRadius disabled!
Computation Time: 119.906467 s

 Evaluating time step 114.00 of 160.00
Disabling Active Region Mode
Refining solution! ActiveRegion and InteractionRadius disabled!
Computation Time: 93.878321 s

 Evaluating time step 115.00 of 160.00
Disabling Active Region Mode
Refining solution! ActiveRegion and InteractionRadius disabled!
Computation Time: 77.409195 s

 Evaluating time step 116.00 of 160.00
Disabling Active Region Mode
Refining solution! ActiveRegion and InteractionRadius disabled!
Computation Time: 74.837196 s

 Evaluating time step 117.00 of 160.00
Disabling Active Region Mode
Refining solution! ActiveRegion and InteractionRadius disabled!
Computation Time: 48.800444 s

 Evaluating time step 118.00 of 160.00
Disabling Active Region Mode
Refining solution! ActiveRegion and InteractionRadius disabled!
Computation Time: 179.134365 s

 Evaluating time step 119.00 of 160.00
Disabling Active Region Mode
Refining solution! ActiveRegion and InteractionRadius disabled!
Computation Time: 52.747207 s

 Evaluating time step 120.00 of 160.00
Disabling Active Region Mode
Refining solution! ActiveRegion and InteractionRadius disabled!
Computation Time: 71.372118 s

 Evaluating time step 121.00 of 160.00
Disabling Active Region Mode
Refining solution! ActiveRegion and InteractionRadius disabled!
Computation Time: 69.035022 s

 Evaluating time step 122.00 of 160.00
Disabling Active Region Mode
Refining solution! ActiveRegion and InteractionRadius disabled!
Computation Time: 44.716596 s

 Evaluating time step 123.00 of 160.00
Disabling Active Region Mode
Refining solution! ActiveRegion and InteractionRadius disabled!
Computation Time: 63.900801 s

 Evaluating time step 124.00 of 160.00
Disabling Active Region Mode
Refining solution! ActiveRegion and InteractionRadius disabled!
Computation Time: 84.798063 s

 Evaluating time step 125.00 of 160.00
Disabling Active Region Mode
Refining solution! ActiveRegion and InteractionRadius disabled!
Computation Time: 62.111816 s

 Evaluating time step 126.00 of 160.00
Disabling Active Region Mode
Refining solution! ActiveRegion and InteractionRadius disabled!
Computation Time: 56.323601 s

 Evaluating time step 127.00 of 160.00
Disabling Active Region Mode
Refining solution! ActiveRegion and InteractionRadius disabled!
Computation Time: 127.574005 s

 Evaluating time step 128.00 of 160.00
Disabling Active Region Mode
Refining solution! ActiveRegion and InteractionRadius disabled!
Computation Time: 127.221415 s

 Evaluating time step 129.00 of 160.00
Disabling Active Region Mode
Refining solution! ActiveRegion and InteractionRadius disabled!
Computation Time: 326.018847 s

 Evaluating time step 130.00 of 160.00
Disabling Active Region Mode
Refining solution! ActiveRegion and InteractionRadius disabled!
Computation Time: 339.200632 s

 Evaluating time step 131.00 of 160.00
Disabling Active Region Mode
Refining solution! ActiveRegion and InteractionRadius disabled!
Computation Time: 333.109423 s

 Evaluating time step 132.00 of 160.00
Disabling Active Region Mode
Refining solution! ActiveRegion and InteractionRadius disabled!
Computation Time: 79.447134 s

 Evaluating time step 133.00 of 160.00
Disabling Active Region Mode
Refining solution! ActiveRegion and InteractionRadius disabled!
Computation Time: 119.682199 s

 Evaluating time step 134.00 of 160.00
Disabling Active Region Mode
Refining solution! ActiveRegion and InteractionRadius disabled!
Computation Time: 93.438269 s

 Evaluating time step 135.00 of 160.00
Disabling Active Region Mode
Refining solution! ActiveRegion and InteractionRadius disabled!
Computation Time: 78.009101 s

 Evaluating time step 136.00 of 160.00
Disabling Active Region Mode
Refining solution! ActiveRegion and InteractionRadius disabled!
Computation Time: 75.144008 s

 Evaluating time step 137.00 of 160.00
Disabling Active Region Mode
Refining solution! ActiveRegion and InteractionRadius disabled!
Computation Time: 48.820270 s

 Evaluating time step 138.00 of 160.00
Disabling Active Region Mode
Refining solution! ActiveRegion and InteractionRadius disabled!
Computation Time: 177.091170 s

 Evaluating time step 139.00 of 160.00
Disabling Active Region Mode
Refining solution! ActiveRegion and InteractionRadius disabled!
Computation Time: 52.432618 s

 Evaluating time step 140.00 of 160.00
Disabling Active Region Mode
Refining solution! ActiveRegion and InteractionRadius disabled!
Computation Time: 71.858538 s

 Evaluating time step 141.00 of 160.00
Disabling Active Region Mode
Refining solution! ActiveRegion and InteractionRadius disabled!
Computation Time: 69.979571 s

 Evaluating time step 142.00 of 160.00
Disabling Active Region Mode
Refining solution! ActiveRegion and InteractionRadius disabled!
Computation Time: 59.713054 s

 Evaluating time step 143.00 of 160.00
Disabling Active Region Mode
Refining solution! ActiveRegion and InteractionRadius disabled!
Computation Time: 108.087542 s

 Evaluating time step 144.00 of 160.00
Disabling Active Region Mode
Refining solution! ActiveRegion and InteractionRadius disabled!
Computation Time: 81.863586 s

 Evaluating time step 145.00 of 160.00
Disabling Active Region Mode
Refining solution! ActiveRegion and InteractionRadius disabled!
Computation Time: 85.997429 s

 Evaluating time step 146.00 of 160.00
Disabling Active Region Mode
Refining solution! ActiveRegion and InteractionRadius disabled!
Computation Time: 80.099900 s

 Evaluating time step 147.00 of 160.00
Disabling Active Region Mode
Refining solution! ActiveRegion and InteractionRadius disabled!
Computation Time: 126.018010 s

 Evaluating time step 148.00 of 160.00
Disabling Active Region Mode
Refining solution! ActiveRegion and InteractionRadius disabled!
Computation Time: 56.798425 s

 Evaluating time step 149.00 of 160.00
Disabling Active Region Mode
Refining solution! ActiveRegion and InteractionRadius disabled!
Computation Time: 28.860653 s

 Evaluating time step 150.00 of 160.00
Disabling Active Region Mode
Refining solution! ActiveRegion and InteractionRadius disabled!
Computation Time: 11.697703 s

 Evaluating time step 151.00 of 160.00
Disabling Active Region Mode
Refining solution! ActiveRegion and InteractionRadius disabled!
Computation Time: 10.775708 s

 Evaluating time step 152.00 of 160.00
Disabling Active Region Mode
Refining solution! ActiveRegion and InteractionRadius disabled!
Computation Time: 10.771581 s

 Evaluating time step 153.00 of 160.00
Disabling Active Region Mode
Refining solution! ActiveRegion and InteractionRadius disabled!
Computation Time: 10.846749 s

 Evaluating time step 154.00 of 160.00
Disabling Active Region Mode
Refining solution! ActiveRegion and InteractionRadius disabled!
Computation Time: 10.925091 s

 Evaluating time step 155.00 of 160.00
Disabling Active Region Mode
Refining solution! ActiveRegion and InteractionRadius disabled!
Computation Time: 10.807338 s

 Evaluating time step 156.00 of 160.00
Disabling Active Region Mode
Refining solution! ActiveRegion and InteractionRadius disabled!
Computation Time: 10.866449 s

 Evaluating time step 157.00 of 160.00
Disabling Active Region Mode
Refining solution! ActiveRegion and InteractionRadius disabled!
Computation Time: 10.729687 s

 Evaluating time step 158.00 of 160.00
Disabling Active Region Mode
Refining solution! ActiveRegion and InteractionRadius disabled!
Computation Time: 10.763772 s

 Evaluating time step 159.00 of 160.00
Disabling Active Region Mode
Refining solution! ActiveRegion and InteractionRadius disabled!
Computation Time: 10.774653 s

 Evaluating time step 160.00 of 160.00
Disabling Active Region Mode
Refining solution! ActiveRegion and InteractionRadius disabled!
Computation Time: 10.660887 s

 Total computation Time: 15599.489383 s

  
%%%%%%%%%%%%%%%%%%%%%%%%%%%%%%%%%%%%%%%%%%%%%%%%%
%  Brave Yourself... The Operation is Completed %
%                  SCERPA                       %
%%%%%%%%%%%%%%%%%%%%%%%%%%%%%%%%%%%%%%%%%%%%%%%%%
 
Plotting Results!
No previous simulation found
Loading simulation table
[Warning: Column headers from the file were modified to make them valid MATLAB identifiers before creating variable names for the table. The original column headers are saved in
the VariableDescriptions property.
Set 'VariableNamingRule' to 'preserve' to use the original column headers as table variable names.] 


Enter the list of drivers you want to plot separated by a space. EXAMPLE: 0001a 0018b 0002a
If you want to select all the codes, write 'all'. 
If you want to select none of the codes, write 'none' or press enter. 

Insert codes and press enter: 0041a 0041b 0101a 0101b 0071a 0071b 0002a 0002b


Enter the list of molecules you want to plot separated by a space. EXAMPLE: 0001a 0018b 0002a
If you want to select all the codes, write 'all'. 
If you want to select none of the codes, write 'none' or press enter. 

Insert codes and press enter: 


Enter the list of output pin you want to plot separated by a space. EXAMPLE: 0001a 0018b 0002b
If you want to select all the codes, write 'all'. 
If you want to select none of the codes, write 'none' or press enter. 

Insert codes and press enter: all
Plotting clocks waveform
Plotting inputs waveform
Plotting outputs waveform
Waveform plotted
Plotting 0001.qss [1/32]... DONE. 
Plotting 0006.qss [2/32]... DONE. 
Plotting 0011.qss [3/32]... DONE. 
Plotting 0016.qss [4/32]... DONE. 
Plotting 0021.qss [5/32]... DONE. 
Plotting 0026.qss [6/32]... DONE. 
Plotting 0031.qss [7/32]... DONE. 
Plotting 0036.qss [8/32]... DONE. 
Plotting 0041.qss [9/32]... DONE. 
Plotting 0046.qss [10/32]... DONE. 
Plotting 0051.qss [11/32]... DONE. 
Plotting 0056.qss [12/32]... DONE. 
Plotting 0061.qss [13/32]... DONE. 
Plotting 0066.qss [14/32]... DONE. 
Plotting 0071.qss [15/32]... DONE. 
Plotting 0076.qss [16/32]... DONE. 
Plotting 0081.qss [17/32]... DONE. 
Plotting 0086.qss [18/32]... DONE. 
Plotting 0091.qss [19/32]... DONE. 
Plotting 0096.qss [20/32]... DONE. 
Plotting 0101.qss [21/32]... DONE. 
Plotting 0106.qss [22/32]... DONE. 
Plotting 0111.qss [23/32]... DONE. 
Plotting 0116.qss [24/32]... DONE. 
Plotting 0121.qss [25/32]... DONE. 
Plotting 0126.qss [26/32]... DONE. 
Plotting 0131.qss [27/32]... DONE. 
Plotting 0136.qss [28/32]... DONE. 
Plotting 0141.qss [29/32]... DONE. 
Plotting 0146.qss [30/32]... DONE. 
Plotting 0151.qss [31/32]... DONE. 
Plotting 0156.qss [32/32]... DONE. 
